2092
2420
3
4389
4297
3269
3853
351
1638
2127
4456
3851
2201
1353
2380
4367
3296
309
2023
1047
4557
3139
3245
133
3327
2417
3688
1695
4154
2074
1709
465
747
141
330
1393
2268
2010
3847
3864
1331
4170
2937
1854
1439
3578
863
549
829
709
2094
4171
2352
3470
4047
540
1305
2602
1137
1753
3597
2086
3483
1893
4613
1625
598
2910
2983
1295
1015
1425
553
4052
2042
3465
3907
647
3124
150
2872
2552
4772
4275
1957
1253
3706
2532
388
44
3719
2475
3161
2107
2105
4745
2188
951
2488
1274
4460
1278
1478
2044
1391
4644
1138
3558
2067
2644
476
2489
1863
2343
4756
70
288
4748
117
386
4443
4079
1862
4235
1169
202
1773
4208
2765
3334
3709
1431
1785
832
3023
2133
2932
2266
1484
367
2173
1392
1848
395
1754
1860
1760
1116
2660
127
3282
1506
3934
2206
2614
2342
2647
3181
4081
59
2113
1169
77
3054
4581
2312
1108
4723
1538
1851
1019
2967
1254
3544
3633
2608
3655
1530
1901
3519
3269
1371
3947
1330
866
3570
616
4535
4275
1077
1717
1941
1798
2072
1
2029
792
2954
371
1491
2267
2256
245
4525
2024
2047
4219
2268
4097
3577
3436
2910
3902
923
2475
1887
2458
4368
462
2570
4151
3926
3987
1960
2687
1805
636
387
4045
2262
1185
1529
1080
1329
408
604
1028
1165
3709
142
1867
4322
1389
65
2015
2160
796
4671
2506
668
2972
3648
3016
1185
2516
2637
3213
2943
3618
2137
300
177
3943
4288
1279
4354
805
995
4747
1254
4096
1508
611
3250
5
2451
890
3002
1798
2941
2356
637
1898
1678
971
3654
1992
4040
1341
1305
2395
3607
3268
345
3961
3349
2617
987
4387
4795
4742
85
1338
3169
2637
1235
285
1392
2449
727
2011
2651
1001
3494
955
3090
3435
4265
3702
3995
3163
3946
3515
1463
3552
1630
1657
2222
3874
1596
574
4527
3952
3676
920
4348
3834
1798
1181
1905
9
2020
4039
3762
3250
178
782
4575
3096
4167
360
1307
2184
2372
800
1648
4786
1088
855
1353
241
887
3945
4302
4016
3111
4163
2960
3305
741
3860
1484
4027
1717
648
1383
2253
886
440
2027
1200
1434
3550
406
4290
4524
758
1676
923
3210
1560
1713
1525
2769
2344
3334
3559
1376
241
4315
1224
37
4677
4562
1173
2565
902
4497
4267
2183
2022
2326
1817
214
3398
1386
3774
2770
4102
808
2595
630
4442
70
3651
1960
3828
1324
1264
2801
1838
2924
328
3212
931
746
2878
4708
696
3866
4482
457
1037
4508
2355
2666
2777
2334
1694
1831
90
2836
2574
2270
1417
1858
1683
3692
1245
1815
48
1950
4453
409
4798
451
323
976
1006
4008
729
2556
740
2707
2503
2809
4664
1493
1344
214
2625
799
3763
4098
2703
2897
2566
2714
2445
4597
4249
4581
306
4148
832
252
4107
768
4650
1855
3078
2453
3039
3578
2756
3900
4016
4516
3561
808
151
4310
2687
3296
750
553
2434
282
1519
2031
3669
621
1296
315
1039
869
3916
4251
43
4680
3220
1852
4064
60
150
3519
976
1151
4114
4056
3657
2306
4476
4462
1019
2102
4368
1803
3649
676
3297
3393
4498
421
4143
510
1603
4658
4287
630
1591
581
4098
2419
4409
3676
879
2195
287
3473
3199
1039
426
2255
3720
1303
4728
4299
1644
1066
1256
295
1804
689
1217
2809
758
4752
3168
3831
4696
3203
480
2361
2517
924
2978
4685
2494
4003
1164
3639
628
4438
2758
4338
2720
2515
3486
3495
299
502
1375
2669
95
826
344
193
3326
1854
4715
4455
4644
39
3830
95
936
1646
3393
2627
1532
4452
1197
4348
706
2363
2013
1395
2971
3778
2231
822
2896
1644
3897
1070
3202
2702
1721
4488
73
1940
2122
4578
19
1458
3687
1200
213
4637
1947
2583
3297
260
3940
3416
3429
3647
1380
3816
4731
356
572
3908
2443
2793
97
1463
2552
555
1786
774
1588
1086
2050
3108
3306
1351
1799
3542
478
132
2651
3090
3700
1492
328
423
1135
966
330
3609
1481
485
4777
3954
2755
4394
4144
1469
2833
40
487
4393
3771
4047
3964
958
3500
4466
287
4659
50
889
3348
4010
3090
4260
3150
4780
2346
2119
24
1200
1301
1975
2710
2621
3550
1420
2199
4034
2840
445
1420
725
4066
4244
1933
4755
948
2406
2766
2439
1956
2556
2714
1987
1788
1716
4791
1096
4084
2724
1442
942
422
3289
1313
3699
3117
784
3657
2610
1889
2858
4760
3780
2399
673
2426
2193
1158
3535
2395
818
3464
3018
1258
3820
696
4416
1799
3707
2101
3354
1344
179
2555
2469
774
1546
1029
2674
4500
886
2257
1286
1371
2388
1795
3093
3881
159
762
2145
2507
2662
4657
328
218
3428
848
2829
2274
1129
3617
2336
2940
3277
435
537
66
420
4781
2307
2000
2598
358
4763
4347
1316
2266
3435
1176
4309
2498
4310
723
2290
1924
766
1209
2900
3270
834
1085
1031
3416
2666
4029
1721
970
3813
1270
3696
1419
433
1644
408
57
4418
1474
1694
3827
283
1707
1356
4393
4758
2655
2062
2762
844
2385
271
2225
767
2527
1471
4537
4561
2911
2203
832
3745
46
3159
835
2803
85
767
231
4183
2274
1137
2971
442
3167
1674
2743
4763
4407
1417
2307
4112
1655
369
1937
2112
1769
2131
2667
1398
4754
4183
3189
2601
4581
265
1669
1034
3051
3380
4372
3164
73
1769
2823
2903
975
3600
10
2671
3601
4088
2425
608
2361
4509
2388
2816
2835
3843
1478
1001
2725
1014
2800
3538
875
2290
2010
1793
1487
3218
4747
4600
1033
1343
4065
3990
4460
4118
1840
4048
4057
3032
820
570
1640
2229
3746
2541
2765
2316
429
2789
3685
4128
1527
3477
629
4452
4511
964
2793
3553
1881
3837
2762
4455
3555
810
2203
4048
652
4779
3272
4352
1384
1311
4502
1789
809
1543
1459
449
2263
417
1448
182
605
2787
2696
2077
4113
181
894
3555
2086
3645
3332
1680
1455
3800
1906
1731
41
3724
376
4583
827
3566
4362
4015
1435
2592
4313
4782
3652
1391
3472
1928
4146
406
4119
3359
1082
4180
2947
3229
2457
988
4457
2064
3930
4596
2664
2037
3032
2992
2423
3846
1491
4273
4153
1456
3921
974
1460
1490
1909
283
4502
842
31
4125
4089
3264
2192
670
2967
3540
1700
1630
145
4355
1127
3572
2384
3900
1422
1459
497
345
2479
674
4161
4736
1940
3219
157
1990
81
3426
729
1325
124
3939
4369
3401
1158
543
3810
3221
797
969
4210
2355
1559
3149
4030
3307
1281
392
2440
2644
662
515
480
872
4747
4661
2871
2396
4301
451
511
2428
2486
252
67
2757
1968
2924
753
1233
2789
3668
4780
3507
3439
2511
2996
1423
3625
301
3484
3444
1297
1552
262
4602
1350
911
213
4247
4781
1380
367
3180
11
228
2784
897
3494
3255
1874
3453
2575
3234
1792
290
1695
1031
3859
1331
2469
3388
3543
4279
1484
1658
1481
242
3006
3410
4184
512
2811
4147
3534
1191
3117
3354
2835
3709
3760
1790
1662
4418
1130
4775
2142
347
4169
3484
4686
3384
3909
3610
2657
1476
4094
3904
2407
4079
3751
1271
1444
318
1668
4501
3424
1892
805
3741
1085
2587
2282
3576
1622
3080
2480
1549
2231
3233
2365
3192
1968
4521
3568
2355
1097
213
2545
2249
2913
4749
3229
248
4527
182
1107
870
4407
168
3947
4151
3963
1925
2440
4148
4767
3598
697
2834
561
1641
3776
4644
4038
2817
2603
50
3429
3951
494
959
1680
1850
4725
2035
4534
1648
2826
4472
2177
2431
3453
4235
4718
2973
2233
1587
4049
2532
2116
1192
2063
2730
755
4128
3345
2062
948
3558
2632
1170
3106
2988
1434
4455
3346
3720
3930
2287
248
1202
2098
3984
2052
2284
278
1545
2878
3108
4475
63
1390
2123
4245
1078
1310
391
2534
765
767
1119
3951
4310
987
3170
3378
4234
2417
4491
2334
1412
4476
1321
1291
4216
3491
334
982
2208
3992
345
420
491
4241
2405
1404
4139
2703
4190
2375
3715
3093
4455
452
1360
917
4577
3665
1987
3234
1317
455
2267
4319
509
1636
3739
857
865
1456
23
3486
3151
1260
1628
2246
1231
1542
1854
1068
829
911
4685
3667
149
2104
618
2342
1498
4286
4572
2531
1494
1158
1424
1747
4658
4545
3753
3564
3811
3091
4640
1405
1350
1013
637
2678
4143
1637
2531
4212
4130
2666
4479
309
1538
1066
667
1775
1245
433
2767
1269
4573
4315
4405
2153
1996
3728
1438
975
93
752
371
3410
4574
1389
4170
2499
1948
2921
2580
2901
4349
1640
2793
1850
2282
4652
4039
280
3283
413
872
3889
2863
3796
1964
365
2387
4261
1234
452
4647
2496
3902
2690
2914
806
4070
1417
2790
1093
1323
3286
4747
903
976
1233
4567
659
4671
477
3446
4440
3343
657
758
753
4524
813
1484
2307
3240
3284
710
2758
263
446
2965
1849
1326
1524
4001
520
3246
3912
2203
2223
2784
1891
586
3520
3145
3480
3158
3125
2215
3901
2490
4455
2335
4570
1226
4010
2676
2153
680
3812
2053
2929
1610
2671
3736
3308
4182
1343
4272
2155
1242
1631
4407
4319
3709
4669
4340
4390
929
3280
2108
883
3587
903
1719
2232
3572
952
2243
4046
665
2236
815
4004
1963
466
4730
2932
3074
3547
4697
69
3597
1025
67
1315
1150
4613
4222
465
465
2495
3246
2148
338
1553
2703
2005
3165
1940
4152
4138
4033
1878
810
4557
1637
2230
672
4496
294
1478
3966
3535
456
1050
417
3842
1274
2210
520
3122
3274
4249
4671
2185
3682
464
3973
2294
3540
460
3287
2974
1646
4113
3113
567
4663
1583
1752
3722
786
2294
4137
1491
3246
610
3128
921
3604
2285
1402
2008
2268
3138
2916
2754
1108
106
2270
2223
154
1379
1656
142
3213
934
3145
2596
1760
3466
1112
4165
2409
1642
913
350
846
1606
2141
3266
1406
994
127
4689
1046
499
4628
4061
4395
845
1071
2507
126
2113
387
4542
3522
1446
3840
4526
4651
1713
2738
4087
1599
1680
4265
2747
365
931
2928
836
1047
62
1842
681
279
3320
4295
2377
1719
4594
3025
888
4000
4660
3962
4037
3738
3569
322
713
3570
1235
1125
3898
2532
2875
449
4069
3172
3977
3306
3461
2495
1556
4301
4279
2134
1212
2764
3808
74
2719
1506
4319
504
2587
2498
144
1592
1955
3471
101
1017
1886
3345
3641
3860
25
2363
2367
3542
2028
1039
142
3620
1963
2179
359
13
3731
4131
2317
2639
1642
690
3919
2905
2829
4197
262
2631
2772
2467
895
2059
1672
3086
1795
3593
1812
3280
1279
3998
2443
239
175
808
4371
3893
2471
2314
1074
710
2968
921
53
308
3935
1238
327
3537
469
284
1347
3286
919
701
644
899
3249
30107
