0
545
899
811
1000
489
583
265
0
239
237
543
751
786
371
239
612
200
363
538
326
476
62
621
1000
802
1000
1000
66
156
232
405
801
705
353
938
917
867
1000
93
704
301
87
686
386
1000
88
583
1000
928
183
504
870
375
321
610
115
426
110
40
985
260
348
383
122
377
76
614
12
95
220
1000
953
1000
21
687
12
834
603
287
1000
388
342
29
183
856
173
474
485
508
204
406
174
266
46
213
603
672
510
1000
845
679
76
320
285
90
129
103
1000
33
608
1000
134
686
210
1000
102
171
16
1000
474
173
240
558
886
272
310
414
489
556
681
749
339
268
1000
1000
1000
490
37
467
289
89
53
172
48
103
21
19
370
353
343
1000
313
868
222
1000
1000
1000
166
103
9
687
535
560
680
302
377
464
617
704
66
623
188
906
22
140
1000
187
770
786
230
532
272
69
566
391
966
992
141
440
158
102
183
655
21
1000
148
1000
387
562
376
375
1000
315
90
96
290
611
99
36
76
86
32
63
454
72
332
751
248
867
511
1000
481
28
383
637
287
1000
11
1000
421
536
194
556
525
1000
1000
432
2
115
691
430
36
76
92
739
309
171
611
683
398
1000
998
670
1000
706
168
798
347
670
21
1000
25
1000
252
418
65
584
613
1000
49
627
4
1000
46
52
32
1000
26
103
141
184
912
744
32
201
8
138
754
644
2
169
487
359
941
907
548
365
956
97
189
439
0
711
72
593
254
431
338
525
35
686
776
21
877
83
853
611
62
650
233
240
817
52
388
157
617
188
354
311
210
964
43
46
1000
391
115
41
35
725
309
32
70
740
353
208
174
451
60
768
1000
367
255
468
794
8
1000
68
35
92
1000
1000
69
270
376
660
227
455
1000
260
442
150
375
137
1000
1000
5
770
417
758
318
6
56
78
1000
1000
1000
20
1000
666
272
811
226
290
164
227
74
16
800
348
848
82
11
398
134
266
150
797
210
753
509
675
16
174
230
52
401
991
269
91
60
738
680
265
1000
942
402
1000
94
657
41
757
298
203
1000
824
46
309
558
730
412
255
213
666
72
653
183
1000
1000
760
434
264
377
32
454
547
1000
735
961
172
245
624
373
736
424
130
35
26
715
1000
680
101
625
223
152
3
507
519
53
375
70
9
45
446
1000
1000
778
1000
142
712
119
2
53
61
96
511
333
469
118
670
454
583
807
1000
56
1000
334
1000
64
340
605
281
16
417
625
46
787
758
1000
68
55
572
1000
691
29
209
630
188
246
1000
536
1000
107
129
385
191
1000
56
700
137
302
2
84
385
976
280
370
631
88
770
220
1000
624
628
1000
188
994
1000
522
290
1000
1000
124
376
40
538
219
1000
91
171
244
333
169
506
525
280
128
1000
35
703
409
320
115
255
172
66
308
230
554
1000
375
187
500
75
127
148
16
713
658
598
1000
824
662
474
510
329
26
191
1000
41
1000
166
336
1000
1000
590
890
1000
562
597
565
94
772
405
809
372
1000
227
61
46
115
376
56
34
189
254
167
386
188
729
678
69
554
46
253
269
798
491
864
396
269
205
475
1000
554
500
383
355
496
334
1000
246
682
1000
613
441
1000
627
120
288
400
174
74
1000
735
70
103
383
623
1000
1000
172
1000
191
491
115
68
157
589
16
1000
532
84
754
1000
131
52
358
924
32
1000
148
137
26
1000
314
1000
861
137
36
741
769
280
1000
778
1000
504
354
327
188
564
298
597
593
68
293
183
247
511
192
1000
702
347
998
7
46
76
430
209
819
1000
40
174
156
233
340
1000
1000
233
452
627
1000
429
1000
747
53
127
632
169
697
244
1000
1000
195
174
678
778
326
209
1000
855
1000
187
1000
611
1000
13
222
659
1000
611
305
263
141
247
17
925
1000
1000
416
459
168
563
703
799
318
1000
428
355
115
546
435
61
247
309
21
818
242
174
257
127
375
304
305
541
721
811
1000
133
21
400
1000
265
704
63
935
5
564
120
1000
1000
668
13
64
131
137
485
214
177
204
649
520
624
399
910
149
325
1000
1000
630
951
1000
387
7
435
438
421
270
568
1000
711
1000
542
947
632
360
1000
430
383
414
35
166
597
690
742
1000
1000
268
590
91
1000
21
735
167
419
1000
938
757
1000
580
955
1000
219
256
118
431
713
1000
138
616
67
31
473
1000
408
37
197
83
19
234
546
164
305
1000
1000
1000
1000
403
638
544
1000
32
932
173
269
102
403
296
272
70
50
237
140
195
849
471
377
450
33
608
380
996
1000
1000
267
1000
182
770
37
557
165
560
469
534
59
490
368
93
376
983
62
1000
156
1000
578
657
114
444
648
144
2
147
474
101
1000
188
1000
81
830
433
164
166
72
131
1000
285
670
1000
1000
46
296
32
619
376
563
1000
1000
353
871
408
