73
1000
1000
189
214
396
681
750
349
233
683
1000
95
1000
409
473
78
43
431
117
562
511
25
233
146
211
96
24
71
20
1000
1000
422
131
647
190
346
1000
83
1000
951
110
320
962
138
404
1000
1000
41
304
242
142
112
117
279
80
1000
121
484
321
78
88
715
124
6
91
106
262
136
372
652
483
108
770
880
181
307
754
1000
37
131
1000
69
537
384
558
152
455
1000
49
161
1000
1000
648
32
1000
778
490
33
44
18
1000
598
110
738
26
499
522
413
192
130
726
112
107
474
43
578
14
343
1000
599
21
460
79
472
106
155
1000
448
347
242
96
152
441
158
1000
15
821
601
246
549
1000
136
294
493
48
324
0
1000
1000
26
161
219
771
64
688
418
106
589
1000
205
133
270
426
68
138
132
712
628
4
321
279
72
1000
106
61
182
318
291
250
181
1000
1
1000
514
195
602
879
1000
580
207
204
469
140
1000
466
130
320
775
1000
96
472
1000
102
143
1000
1000
1000
666
762
124
146
5
413
329
27
87
289
59
410
303
127
551
1000
73
113
376
262
374
1000
21
174
107
1000
274
1
359
148
80
395
453
460
690
490
21
310
41
316
367
265
836
406
1000
133
685
547
1000
1000
463
121
457
1000
95
712
667
315
96
1000
43
1000
660
19
756
643
72
1000
687
1000
298
132
651
6
81
1000
145
308
933
167
108
542
257
1000
1
848
78
65
597
49
133
626
68
83
36
658
372
1000
1000
300
30
69
146
254
494
569
164
595
147
85
424
27
656
108
160
1000
647
734
227
68
650
1000
374
14
951
660
672
54
465
1000
508
157
55
302
684
1000
335
34
142
438
1000
684
63
118
711
1000
1000
528
851
859
311
1000
497
426
1000
44
580
684
1000
65
1000
1000
59
372
605
43
516
763
9
422
189
619
267
161
350
18
440
889
54
107
737
19
19
847
945
73
3
173
1000
481
666
46
1000
186
63
158
454
1000
386
226
96
768
1000
111
44
328
55
541
15
1000
369
118
369
86
181
489
280
795
217
311
1000
73
1000
628
1000
434
765
538
18
669
1000
631
1000
154
169
489
1000
31
737
281
908
799
1000
836
1000
1000
1000
396
698
780
24
83
401
959
53
1000
88
293
95
102
600
1000
181
250
45
15
206
108
1000
1000
675
463
363
661
1000
1000
790
1000
13
24
148
931
24
23
1000
1000
242
55
666
130
1000
525
314
406
575
447
376
982
488
771
389
1000
1000
344
199
34
199
55
525
123
51
1000
83
14
365
533
628
23
568
333
773
1000
381
448
183
299
721
59
1000
752
1000
44
274
99
60
633
1000
93
32
436
108
759
769
804
1000
959
373
61
442
107
824
444
143
450
511
56
847
520
131
909
1000
152
19
500
1000
719
284
362
198
649
347
281
554
203
171
587
805
369
92
288
480
694
550
69
63
108
1000
1000
468
140
14
115
59
1000
245
441
364
341
1000
1000
113
31
1000
148
669
445
65
7
532
1000
801
1000
906
20
885
618
110
581
455
206
108
144
20
1000
144
553
54
407
34
9
426
445
91
179
86
205
45
400
68
182
697
1000
373
1000
298
169
1000
158
969
277
1000
185
260
8
391
294
172
215
169
336
694
26
26
779
1000
61
262
394
289
404
534
710
158
271
138
1000
546
353
665
11
367
26
233
14
156
375
932
304
333
536
447
246
43
83
20
169
727
469
1000
759
384
130
617
58
863
472
555
1000
233
153
627
738
217
78
227
830
182
697
324
24
110
248
357
1000
81
1000
64
179
334
707
416
255
551
943
104
67
107
1000
146
169
228
101
934
338
904
294
583
409
57
642
0
395
186
582
573
285
152
402
2
909
992
1000
797
142
345
187
13
107
76
222
422
257
718
375
87
1000
26
86
100
517
94
2
67
556
2
301
538
218
339
907
793
55
75
21
1000
18
641
194
388
227
1000
239
158
1000
906
289
292
69
926
456
144
64
1000
814
99
662
653
495
5
1000
136
1000
565
752
54
858
868
982
495
288
45
220
250
1000
390
52
178
685
455
207
481
472
1000
491
1000
131
289
1000
658
1000
657
3
1000
972
904
560
683
1000
409
520
245
558
161
385
564
739
160
1000
715
282
120
816
421
243
18
169
616
541
18
521
642
470
510
16
1000
143
665
41
21
33
325
1000
656
61
771
496
366
310
349
268
276
354
43
21
734
174
455
1000
503
165
335
299
895
459
231
585
667
101
1000
43
1000
735
54
0
84
266
41
316
89
357
1
748
401
219
54
176
1000
487
278
394
6
1000
561
276
132
233
158
228
558
1000
530
241
54
619
1
719
449
1000
79
751
68
473
745
2
83
109
131
83
847
266
302
29
984
277
735
960
114
65
977
245
608
1000
798
64
660
534
1000
659
227
588
1000
770
